#! /mingw32/bin/vvp
:ivl_version "12.0 (devel)" "(s20150603-1391-gd480c4d7d)";
:ivl_delay_selection "TYPICAL";
:vpi_time_precision + 0;
:vpi_module "C:\msys64\mingw32\lib\ivl\system.vpi";
:vpi_module "C:\msys64\mingw32\lib\ivl\vhdl_sys.vpi";
:vpi_module "C:\msys64\mingw32\lib\ivl\vhdl_textio.vpi";
:vpi_module "C:\msys64\mingw32\lib\ivl\v2005_math.vpi";
:vpi_module "C:\msys64\mingw32\lib\ivl\va_math.vpi";
S_015769f0 .scope module, "ALU" "ALU" 2 1;
 .timescale 0 0;
    .port_info 0 /INPUT 32 "A";
    .port_info 1 /INPUT 32 "B";
    .port_info 2 /INPUT 4 "Opcode";
    .port_info 3 /OUTPUT 32 "Out";
    .port_info 4 /OUTPUT 1 "Z";
    .port_info 5 /OUTPUT 1 "N";
o015b6fd4 .functor BUFZ 32, C4<zzzzzzzzzzzzzzzzzzzzzzzzzzzzzzzz>; HiZ drive
v01576b18_0 .net "A", 31 0, o015b6fd4;  0 drivers
o015b6fec .functor BUFZ 32, C4<zzzzzzzzzzzzzzzzzzzzzzzzzzzzzzzz>; HiZ drive
v0157dce0_0 .net "B", 31 0, o015b6fec;  0 drivers
v0157dd38_0 .var "N", 0 0;
o015b701c .functor BUFZ 4, C4<zzzz>; HiZ drive
v01576b70_0 .net "Opcode", 3 0, o015b701c;  0 drivers
v01576bc8_0 .var "Out", 31 0;
v015affd8_0 .var "Z", 0 0;
E_0157c158 .event anyedge, v01576b70_0, v01576b18_0, v0157dce0_0, v01576bc8_0;
    .scope S_015769f0;
T_0 ;
    %wait E_0157c158;
    %load/vec4 v01576b70_0;
    %dup/vec4;
    %pushi/vec4 0, 0, 4;
    %cmp/u;
    %jmp/1 T_0.0, 6;
    %dup/vec4;
    %pushi/vec4 1, 0, 4;
    %cmp/u;
    %jmp/1 T_0.1, 6;
    %dup/vec4;
    %pushi/vec4 2, 0, 4;
    %cmp/u;
    %jmp/1 T_0.2, 6;
    %dup/vec4;
    %pushi/vec4 3, 0, 4;
    %cmp/u;
    %jmp/1 T_0.3, 6;
    %dup/vec4;
    %pushi/vec4 4, 0, 4;
    %cmp/u;
    %jmp/1 T_0.4, 6;
    %dup/vec4;
    %pushi/vec4 5, 0, 4;
    %cmp/u;
    %jmp/1 T_0.5, 6;
    %dup/vec4;
    %pushi/vec4 6, 0, 4;
    %cmp/u;
    %jmp/1 T_0.6, 6;
    %dup/vec4;
    %pushi/vec4 7, 0, 4;
    %cmp/u;
    %jmp/1 T_0.7, 6;
    %dup/vec4;
    %pushi/vec4 8, 0, 4;
    %cmp/u;
    %jmp/1 T_0.8, 6;
    %dup/vec4;
    %pushi/vec4 9, 0, 4;
    %cmp/u;
    %jmp/1 T_0.9, 6;
    %dup/vec4;
    %pushi/vec4 10, 0, 4;
    %cmp/u;
    %jmp/1 T_0.10, 6;
    %dup/vec4;
    %pushi/vec4 11, 0, 4;
    %cmp/u;
    %jmp/1 T_0.11, 6;
    %dup/vec4;
    %pushi/vec4 12, 0, 4;
    %cmp/u;
    %jmp/1 T_0.12, 6;
    %dup/vec4;
    %pushi/vec4 13, 0, 4;
    %cmp/u;
    %jmp/1 T_0.13, 6;
    %dup/vec4;
    %pushi/vec4 14, 0, 4;
    %cmp/u;
    %jmp/1 T_0.14, 6;
    %dup/vec4;
    %pushi/vec4 15, 0, 4;
    %cmp/u;
    %jmp/1 T_0.15, 6;
    %pushi/vec4 0, 0, 32;
    %store/vec4 v01576bc8_0, 0, 32;
    %jmp T_0.17;
T_0.0 ;
    %load/vec4 v01576b18_0;
    %load/vec4 v0157dce0_0;
    %add;
    %store/vec4 v01576bc8_0, 0, 32;
    %jmp T_0.17;
T_0.1 ;
    %load/vec4 v01576b18_0;
    %load/vec4 v0157dce0_0;
    %sub;
    %store/vec4 v01576bc8_0, 0, 32;
    %jmp T_0.17;
T_0.2 ;
    %load/vec4 v01576b18_0;
    %load/vec4 v0157dce0_0;
    %and;
    %store/vec4 v01576bc8_0, 0, 32;
    %jmp T_0.17;
T_0.3 ;
    %load/vec4 v01576b18_0;
    %load/vec4 v0157dce0_0;
    %or;
    %store/vec4 v01576bc8_0, 0, 32;
    %jmp T_0.17;
T_0.4 ;
    %load/vec4 v01576b18_0;
    %load/vec4 v0157dce0_0;
    %xor;
    %store/vec4 v01576bc8_0, 0, 32;
    %jmp T_0.17;
T_0.5 ;
    %load/vec4 v01576b18_0;
    %load/vec4 v0157dce0_0;
    %or;
    %inv;
    %store/vec4 v01576bc8_0, 0, 32;
    %jmp T_0.17;
T_0.6 ;
    %load/vec4 v01576b18_0;
    %ix/getv 4, v0157dce0_0;
    %shiftl 4;
    %store/vec4 v01576bc8_0, 0, 32;
    %jmp T_0.17;
T_0.7 ;
    %load/vec4 v01576b18_0;
    %ix/getv 4, v0157dce0_0;
    %shiftr 4;
    %store/vec4 v01576bc8_0, 0, 32;
    %jmp T_0.17;
T_0.8 ;
    %load/vec4 v01576b18_0;
    %ix/getv 4, v0157dce0_0;
    %shiftr/s 4;
    %store/vec4 v01576bc8_0, 0, 32;
    %jmp T_0.17;
T_0.9 ;
    %load/vec4 v01576b18_0;
    %load/vec4 v0157dce0_0;
    %cmp/u;
    %jmp/0xz  T_0.18, 5;
    %pushi/vec4 1, 0, 32;
    %store/vec4 v01576bc8_0, 0, 32;
    %jmp T_0.19;
T_0.18 ;
    %pushi/vec4 0, 0, 32;
    %store/vec4 v01576bc8_0, 0, 32;
T_0.19 ;
    %jmp T_0.17;
T_0.10 ;
    %load/vec4 v01576b18_0;
    %store/vec4 v01576bc8_0, 0, 32;
    %jmp T_0.17;
T_0.11 ;
    %load/vec4 v0157dce0_0;
    %store/vec4 v01576bc8_0, 0, 32;
    %jmp T_0.17;
T_0.12 ;
    %load/vec4 v0157dce0_0;
    %addi 8, 0, 32;
    %store/vec4 v01576bc8_0, 0, 32;
    %jmp T_0.17;
T_0.13 ;
    %pushi/vec4 0, 0, 32;
    %store/vec4 v01576bc8_0, 0, 32;
    %jmp T_0.17;
T_0.14 ;
    %pushi/vec4 0, 0, 32;
    %store/vec4 v01576bc8_0, 0, 32;
    %jmp T_0.17;
T_0.15 ;
    %pushi/vec4 0, 0, 32;
    %store/vec4 v01576bc8_0, 0, 32;
    %jmp T_0.17;
T_0.17 ;
    %pop/vec4 1;
    %load/vec4 v01576b70_0;
    %cmpi/e 0, 0, 4;
    %jmp/1 T_0.25, 4;
    %flag_mov 8, 4;
    %load/vec4 v01576b70_0;
    %cmpi/e 1, 0, 4;
    %flag_or 4, 8;
T_0.25;
    %jmp/1 T_0.24, 4;
    %flag_mov 8, 4;
    %load/vec4 v01576b70_0;
    %cmpi/e 9, 0, 4;
    %flag_or 4, 8;
T_0.24;
    %jmp/1 T_0.23, 4;
    %flag_mov 8, 4;
    %load/vec4 v01576b70_0;
    %cmpi/e 10, 0, 4;
    %flag_or 4, 8;
T_0.23;
    %jmp/1 T_0.22, 4;
    %flag_mov 8, 4;
    %load/vec4 v01576b70_0;
    %cmpi/e 11, 0, 4;
    %flag_or 4, 8;
T_0.22;
    %jmp/0xz  T_0.20, 4;
    %load/vec4 v01576bc8_0;
    %cmpi/e 0, 0, 32;
    %flag_mov 8, 4;
    %jmp/0 T_0.26, 8;
    %pushi/vec4 1, 0, 1;
    %jmp/1 T_0.27, 8;
T_0.26 ; End of true expr.
    %pushi/vec4 0, 0, 1;
    %jmp/0 T_0.27, 8;
 ; End of false expr.
    %blend;
T_0.27;
    %store/vec4 v015affd8_0, 0, 1;
    %load/vec4 v01576bc8_0;
    %parti/s 1, 31, 6;
    %cmpi/e 1, 0, 1;
    %flag_mov 8, 4;
    %jmp/0 T_0.28, 8;
    %pushi/vec4 1, 0, 1;
    %jmp/1 T_0.29, 8;
T_0.28 ; End of true expr.
    %pushi/vec4 0, 0, 1;
    %jmp/0 T_0.29, 8;
 ; End of false expr.
    %blend;
T_0.29;
    %store/vec4 v0157dd38_0, 0, 1;
T_0.20 ;
    %jmp T_0;
    .thread T_0, $push;
# The file index is used to find the file name in the following table.
:file_names 3;
    "N/A";
    "<interactive>";
    "Alu.v";
