#! /mingw32/bin/vvp
:ivl_version "12.0 (devel)" "(s20150603-1391-gd480c4d7d)";
:ivl_delay_selection "TYPICAL";
:vpi_time_precision + 0;
:vpi_module "C:\msys64\mingw32\lib\ivl\system.vpi";
:vpi_module "C:\msys64\mingw32\lib\ivl\vhdl_sys.vpi";
:vpi_module "C:\msys64\mingw32\lib\ivl\vhdl_textio.vpi";
:vpi_module "C:\msys64\mingw32\lib\ivl\v2005_math.vpi";
:vpi_module "C:\msys64\mingw32\lib\ivl\va_math.vpi";
S_01ea6a40 .scope module, "condition_handler" "condition_handler" 2 2;
 .timescale 0 0;
    .port_info 0 /INPUT 1 "Z";
    .port_info 1 /INPUT 1 "N";
    .port_info 2 /INPUT 6 "opcode";
    .port_info 3 /INPUT 5 "rs";
    .port_info 4 /INPUT 5 "rt";
    .port_info 5 /INPUT 1 "ID_branch_instr";
    .port_info 6 /OUTPUT 1 "branch_out";
o01ee3964 .functor BUFZ 1, C4<z>; HiZ drive
v01ea6b78_0 .net "ID_branch_instr", 0 0, o01ee3964;  0 drivers
o01ee397c .functor BUFZ 1, C4<z>; HiZ drive
v01ead908_0 .net "N", 0 0, o01ee397c;  0 drivers
o01ee3994 .functor BUFZ 1, C4<z>; HiZ drive
v01ead960_0 .net "Z", 0 0, o01ee3994;  0 drivers
v01ead9b8_0 .var "branch_out", 0 0;
o01ee39c4 .functor BUFZ 6, C4<zzzzzz>; HiZ drive
v01eada10_0 .net "opcode", 5 0, o01ee39c4;  0 drivers
o01ee39dc .functor BUFZ 5, C4<zzzzz>; HiZ drive
v01eada68_0 .net "rs", 4 0, o01ee39dc;  0 drivers
o01ee39f4 .functor BUFZ 5, C4<zzzzz>; HiZ drive
v01eadac0_0 .net "rt", 4 0, o01ee39f4;  0 drivers
E_01ee35d0 .event anyedge, v01eada10_0, v01ead960_0, v01ead908_0;
    .scope S_01ea6a40;
T_0 ;
    %wait E_01ee35d0;
    %load/vec4 v01eada10_0;
    %dup/vec4;
    %pushi/vec4 0, 0, 6;
    %cmp/u;
    %jmp/1 T_0.0, 6;
    %dup/vec4;
    %pushi/vec4 1, 0, 6;
    %cmp/u;
    %jmp/1 T_0.1, 6;
    %dup/vec4;
    %pushi/vec4 2, 0, 6;
    %cmp/u;
    %jmp/1 T_0.2, 6;
    %dup/vec4;
    %pushi/vec4 3, 0, 6;
    %cmp/u;
    %jmp/1 T_0.3, 6;
    %pushi/vec4 0, 0, 1;
    %assign/vec4 v01ead9b8_0, 0;
    %jmp T_0.5;
T_0.0 ;
    %load/vec4 v01ead960_0;
    %pad/u 32;
    %pushi/vec4 1, 0, 32;
    %cmp/e;
    %flag_get/vec4 4;
    %assign/vec4 v01ead9b8_0, 0;
    %jmp T_0.5;
T_0.1 ;
    %load/vec4 v01ead960_0;
    %pad/u 32;
    %pushi/vec4 0, 0, 32;
    %cmp/e;
    %flag_get/vec4 4;
    %assign/vec4 v01ead9b8_0, 0;
    %jmp T_0.5;
T_0.2 ;
    %load/vec4 v01ead908_0;
    %pad/u 32;
    %pushi/vec4 1, 0, 32;
    %cmp/e;
    %flag_get/vec4 4;
    %assign/vec4 v01ead9b8_0, 0;
    %jmp T_0.5;
T_0.3 ;
    %load/vec4 v01ead908_0;
    %pad/u 32;
    %pushi/vec4 0, 0, 32;
    %cmp/e;
    %flag_get/vec4 4;
    %assign/vec4 v01ead9b8_0, 0;
    %jmp T_0.5;
T_0.5 ;
    %pop/vec4 1;
    %jmp T_0;
    .thread T_0, $push;
# The file index is used to find the file name in the following table.
:file_names 3;
    "N/A";
    "<interactive>";
    "condition-handler.v";
