#! /mingw32/bin/vvp
:ivl_version "12.0 (devel)" "(s20150603-1391-gd480c4d7d)";
:ivl_delay_selection "TYPICAL";
:vpi_time_precision + 0;
:vpi_module "C:\msys64\mingw32\lib\ivl\system.vpi";
:vpi_module "C:\msys64\mingw32\lib\ivl\vhdl_sys.vpi";
:vpi_module "C:\msys64\mingw32\lib\ivl\vhdl_textio.vpi";
:vpi_module "C:\msys64\mingw32\lib\ivl\v2005_math.vpi";
:vpi_module "C:\msys64\mingw32\lib\ivl\va_math.vpi";
S_01986a80 .scope module, "EX_MEM_Stage" "EX_MEM_Stage" 2 1;
 .timescale 0 0;
    .port_info 0 /INPUT 1 "clk";
    .port_info 1 /INPUT 1 "reset";
    .port_info 2 /INPUT 22 "control_signals";
    .port_info 3 /INPUT 32 "alu_result";
    .port_info 4 /INPUT 5 "destination";
    .port_info 5 /INPUT 32 "PB";
    .port_info 6 /OUTPUT 22 "control_signals_out";
    .port_info 7 /OUTPUT 5 "destination_out";
    .port_info 8 /OUTPUT 32 "PB_out";
    .port_info 9 /OUTPUT 32 "alu_result_out";
o019c3fec .functor BUFZ 32, C4<zzzzzzzzzzzzzzzzzzzzzzzzzzzzzzzz>; HiZ drive
v01986bd8_0 .net "PB", 31 0, o019c3fec;  0 drivers
v0198dca8_0 .var "PB_out", 31 0;
o019c401c .functor BUFZ 32, C4<zzzzzzzzzzzzzzzzzzzzzzzzzzzzzzzz>; HiZ drive
v0198dd00_0 .net "alu_result", 31 0, o019c401c;  0 drivers
v019e4c20_0 .var "alu_result_out", 31 0;
o019c404c .functor BUFZ 1, C4<z>; HiZ drive
v019e4c78_0 .net "clk", 0 0, o019c404c;  0 drivers
o019c4064 .functor BUFZ 22, C4<zzzzzzzzzzzzzzzzzzzzzz>; HiZ drive
v019e4cd0_0 .net "control_signals", 21 0, o019c4064;  0 drivers
v019e4d28_0 .var "control_signals_out", 21 0;
o019c4094 .functor BUFZ 5, C4<zzzzz>; HiZ drive
v019e4d80_0 .net "destination", 4 0, o019c4094;  0 drivers
v019e4dd8_0 .var "destination_out", 4 0;
o019c40c4 .functor BUFZ 1, C4<z>; HiZ drive
v019e4e30_0 .net "reset", 0 0, o019c40c4;  0 drivers
E_0198af30 .event posedge, v019e4c78_0;
    .scope S_01986a80;
T_0 ;
    %wait E_0198af30;
    %load/vec4 v019e4e30_0;
    %flag_set/vec4 8;
    %jmp/0xz  T_0.0, 8;
    %pushi/vec4 0, 0, 22;
    %assign/vec4 v019e4d28_0, 0;
    %pushi/vec4 0, 0, 32;
    %assign/vec4 v0198dca8_0, 0;
    %pushi/vec4 0, 0, 32;
    %assign/vec4 v019e4c20_0, 0;
    %pushi/vec4 0, 0, 5;
    %assign/vec4 v019e4dd8_0, 0;
    %jmp T_0.1;
T_0.0 ;
    %load/vec4 v019e4cd0_0;
    %store/vec4 v019e4d28_0, 0, 22;
    %load/vec4 v01986bd8_0;
    %store/vec4 v0198dca8_0, 0, 32;
    %load/vec4 v0198dd00_0;
    %store/vec4 v019e4c20_0, 0, 32;
    %load/vec4 v019e4d80_0;
    %store/vec4 v019e4dd8_0, 0, 5;
T_0.1 ;
    %jmp T_0;
    .thread T_0;
# The file index is used to find the file name in the following table.
:file_names 3;
    "N/A";
    "<interactive>";
    "EX_MEM_Stage.v";
