#! /mingw32/bin/vvp
:ivl_version "12.0 (devel)" "(s20150603-1391-gd480c4d7d)";
:ivl_delay_selection "TYPICAL";
:vpi_time_precision + 0;
:vpi_module "C:\msys64\mingw32\lib\ivl\system.vpi";
:vpi_module "C:\msys64\mingw32\lib\ivl\vhdl_sys.vpi";
:vpi_module "C:\msys64\mingw32\lib\ivl\vhdl_textio.vpi";
:vpi_module "C:\msys64\mingw32\lib\ivl\v2005_math.vpi";
:vpi_module "C:\msys64\mingw32\lib\ivl\va_math.vpi";
S_0221ecb8 .scope module, "ID_Stage" "ID_Stage" 2 4;
 .timescale 0 0;
    .port_info 0 /INPUT 1 "clk";
    .port_info 1 /INPUT 1 "reset";
    .port_info 2 /INPUT 32 "instruction_reg";
    .port_info 3 /OUTPUT 32 "control_signals";
v0214c930_0 .var "S", 0 0;
o0211b87c .functor BUFZ 1, C4<z>; HiZ drive
v0214c670_0 .net "clk", 0 0, o0211b87c;  0 drivers
v0214ca90_0 .var "control_signals", 31 0;
o0211b7a4 .functor BUFZ 32, C4<zzzzzzzzzzzzzzzzzzzzzzzzzzzzzzzz>; HiZ drive
v0214cb98_0 .net "instruction_reg", 31 0, o0211b7a4;  0 drivers
o0211b8ac .functor BUFZ 1, C4<z>; HiZ drive
v0214d1c8_0 .net "reset", 0 0, o0211b8ac;  0 drivers
E_0210f2e0 .event posedge, v0214c670_0;
S_0221ed90 .scope module, "control_unit" "PPU_Control_Unit" 2 15, 3 1 0, S_0221ecb8;
 .timescale 0 0;
    .port_info 0 /INPUT 32 "instruction";
    .port_info 1 /OUTPUT 15 "control_output";
P_02119318 .param/l "ADDIU_Op" 0 3 22, C4<001001>;
P_02119338 .param/l "BGTZ_OP" 0 3 27, C4<000111>;
P_02119358 .param/l "JAL_OP" 0 3 28, C4<000011>;
P_02119378 .param/l "JR_Funct" 0 3 29, C4<001000>;
P_02119398 .param/l "LBU_Op" 0 3 24, C4<100100>;
P_021193b8 .param/l "LUI_OP" 0 3 30, C4<001111>;
P_021193d8 .param/l "R_TYPE" 0 3 21, C4<000000>;
P_021193f8 .param/l "SB_OP" 0 3 26, C4<101000>;
P_02119418 .param/l "SUB" 0 3 25, C4<100010>;
P_02119438 .param/l "SUBU_Funct" 0 3 23, C4<100011>;
L_021039f8 .functor AND 1, L_0214d220, L_0214d0c0, C4<1>, C4<1>;
v02109e90_0 .net "ID_ALU_OP", 2 0, L_0214d278;  1 drivers
v02109de0_0 .net "ID_B_Instr", 0 0, L_02189df0;  1 drivers
v02109c80_0 .net "ID_Enable_HI", 0 0, L_0218a2c0;  1 drivers
v0210a0a0_0 .net "ID_Enable_LO", 0 0, L_0218a5d8;  1 drivers
v02109e38_0 .net "ID_Load_Instr", 0 0, L_02189c90;  1 drivers
v02109d88_0 .net "ID_MEM_Enable", 0 0, L_0218a000;  1 drivers
v02109ee8_0 .net "ID_MEM_RW", 0 0, L_0218a580;  1 drivers
v02109f40_0 .net "ID_MEM_SE", 0 0, L_0218a318;  1 drivers
v02109f98_0 .net "ID_MEM_Size", 1 0, L_0218a528;  1 drivers
v02109cd8_0 .net "ID_RF_Enable", 0 0, L_0218a058;  1 drivers
v02109d30_0 .net "ID_Shift_Imm", 0 0, L_0214d010;  1 drivers
v02109ff0_0 .net "ID_TA_Instr", 0 0, L_02189ea0;  1 drivers
v02109c28_0 .var "S", 0 0;
v0210a048_0 .net *"_ivl_1", 5 0, L_0214d328;  1 drivers
v0214b6c0_0 .net *"_ivl_103", 5 0, L_0218a370;  1 drivers
L_02151808 .functor BUFT 1, C4<101000>, C4<0>, C4<0>, C4<0>;
v0214b718_0 .net/2u *"_ivl_104", 5 0, L_02151808;  1 drivers
v0214b9d8_0 .net *"_ivl_106", 0 0, L_0218a420;  1 drivers
L_02151830 .functor BUFT 1, C4<1>, C4<0>, C4<0>, C4<0>;
v0214bc98_0 .net/2u *"_ivl_108", 0 0, L_02151830;  1 drivers
L_02151858 .functor BUFT 1, C4<0>, C4<0>, C4<0>, C4<0>;
v0214bcf0_0 .net/2u *"_ivl_110", 0 0, L_02151858;  1 drivers
v0214ba30_0 .net *"_ivl_115", 5 0, L_02189e48;  1 drivers
L_02151880 .functor BUFT 1, C4<100100>, C4<0>, C4<0>, C4<0>;
v0214bd48_0 .net/2u *"_ivl_116", 5 0, L_02151880;  1 drivers
v0214bda0_0 .net *"_ivl_118", 0 0, L_0218a0b0;  1 drivers
L_021518a8 .functor BUFT 1, C4<1>, C4<0>, C4<0>, C4<0>;
v0214b668_0 .net/2u *"_ivl_120", 0 0, L_021518a8;  1 drivers
L_021518d0 .functor BUFT 1, C4<0>, C4<0>, C4<0>, C4<0>;
v0214ba88_0 .net/2u *"_ivl_122", 0 0, L_021518d0;  1 drivers
v0214b8d0_0 .net *"_ivl_127", 5 0, L_02189ce8;  1 drivers
L_021518f8 .functor BUFT 1, C4<000000>, C4<0>, C4<0>, C4<0>;
v0214b5b8_0 .net/2u *"_ivl_128", 5 0, L_021518f8;  1 drivers
v0214bdf8_0 .net *"_ivl_13", 5 0, L_0214d068;  1 drivers
v0214be50_0 .net *"_ivl_130", 0 0, L_0218a478;  1 drivers
L_02151920 .functor BUFT 1, C4<1>, C4<0>, C4<0>, C4<0>;
v0214bbe8_0 .net/2u *"_ivl_132", 0 0, L_02151920;  1 drivers
L_02151948 .functor BUFT 1, C4<0>, C4<0>, C4<0>, C4<0>;
v0214b458_0 .net/2u *"_ivl_134", 0 0, L_02151948;  1 drivers
v0214b928_0 .net *"_ivl_139", 5 0, L_0218a738;  1 drivers
L_021514c0 .functor BUFT 1, C4<001001>, C4<0>, C4<0>, C4<0>;
v0214b980_0 .net/2u *"_ivl_14", 5 0, L_021514c0;  1 drivers
L_02151970 .functor BUFT 1, C4<000000>, C4<0>, C4<0>, C4<0>;
v0214b7c8_0 .net/2u *"_ivl_140", 5 0, L_02151970;  1 drivers
v0214bea8_0 .net *"_ivl_142", 0 0, L_02189ef8;  1 drivers
L_02151998 .functor BUFT 1, C4<1>, C4<0>, C4<0>, C4<0>;
v0214bf00_0 .net/2u *"_ivl_144", 0 0, L_02151998;  1 drivers
L_021519c0 .functor BUFT 1, C4<0>, C4<0>, C4<0>, C4<0>;
v0214bae0_0 .net/2u *"_ivl_146", 0 0, L_021519c0;  1 drivers
v0214b770_0 .net *"_ivl_151", 5 0, L_02189f50;  1 drivers
L_021519e8 .functor BUFT 1, C4<101000>, C4<0>, C4<0>, C4<0>;
v0214b4b0_0 .net/2u *"_ivl_152", 5 0, L_021519e8;  1 drivers
v0214bb38_0 .net *"_ivl_154", 0 0, L_0218a630;  1 drivers
L_02151a10 .functor BUFT 1, C4<1>, C4<0>, C4<0>, C4<0>;
v0214b820_0 .net/2u *"_ivl_156", 0 0, L_02151a10;  1 drivers
L_02151a38 .functor BUFT 1, C4<0>, C4<0>, C4<0>, C4<0>;
v0214b508_0 .net/2u *"_ivl_158", 0 0, L_02151a38;  1 drivers
v0214bb90_0 .net *"_ivl_16", 0 0, L_0214d3d8;  1 drivers
L_02151a60 .functor BUFT 1, C4<00>, C4<0>, C4<0>, C4<0>;
v0214bc40_0 .net *"_ivl_166", 1 0, L_02151a60;  1 drivers
L_021514e8 .functor BUFT 1, C4<001>, C4<0>, C4<0>, C4<0>;
v0214b560_0 .net/2u *"_ivl_18", 2 0, L_021514e8;  1 drivers
L_02151448 .functor BUFT 1, C4<001001>, C4<0>, C4<0>, C4<0>;
v0214b610_0 .net/2u *"_ivl_2", 5 0, L_02151448;  1 drivers
v0214b878_0 .net *"_ivl_21", 5 0, L_0214d380;  1 drivers
L_02151510 .functor BUFT 1, C4<000000>, C4<0>, C4<0>, C4<0>;
v0214c168_0 .net/2u *"_ivl_22", 5 0, L_02151510;  1 drivers
v0214c1c0_0 .net *"_ivl_24", 0 0, L_0214d220;  1 drivers
v0214c320_0 .net *"_ivl_27", 5 0, L_0214cf60;  1 drivers
L_02151538 .functor BUFT 1, C4<100011>, C4<0>, C4<0>, C4<0>;
v0214c0b8_0 .net/2u *"_ivl_28", 5 0, L_02151538;  1 drivers
v0214c378_0 .net *"_ivl_30", 0 0, L_0214d0c0;  1 drivers
v0214c110_0 .net *"_ivl_33", 0 0, L_021039f8;  1 drivers
L_02151560 .functor BUFT 1, C4<010>, C4<0>, C4<0>, C4<0>;
v0214c218_0 .net/2u *"_ivl_34", 2 0, L_02151560;  1 drivers
L_02151588 .functor BUFT 1, C4<000>, C4<0>, C4<0>, C4<0>;
v0214c270_0 .net/2u *"_ivl_36", 2 0, L_02151588;  1 drivers
v0214c2c8_0 .net *"_ivl_38", 2 0, L_0214cfb8;  1 drivers
v0214c008_0 .net *"_ivl_4", 0 0, L_0214d2d0;  1 drivers
v0214c3d0_0 .net *"_ivl_43", 5 0, L_0214d118;  1 drivers
L_021515b0 .functor BUFT 1, C4<100100>, C4<0>, C4<0>, C4<0>;
v0214bf58_0 .net/2u *"_ivl_44", 5 0, L_021515b0;  1 drivers
v0214bfb0_0 .net *"_ivl_46", 0 0, L_0214d170;  1 drivers
L_021515d8 .functor BUFT 1, C4<1>, C4<0>, C4<0>, C4<0>;
v0214c060_0 .net/2u *"_ivl_48", 0 0, L_021515d8;  1 drivers
L_02151600 .functor BUFT 1, C4<0>, C4<0>, C4<0>, C4<0>;
v0214cc48_0 .net/2u *"_ivl_50", 0 0, L_02151600;  1 drivers
v0214c720_0 .net *"_ivl_55", 5 0, L_0218a688;  1 drivers
L_02151628 .functor BUFT 1, C4<000000>, C4<0>, C4<0>, C4<0>;
v0214c568_0 .net/2u *"_ivl_56", 5 0, L_02151628;  1 drivers
v0214c9e0_0 .net *"_ivl_58", 0 0, L_0218a6e0;  1 drivers
L_02151470 .functor BUFT 1, C4<1>, C4<0>, C4<0>, C4<0>;
v0214ce00_0 .net/2u *"_ivl_6", 0 0, L_02151470;  1 drivers
L_02151650 .functor BUFT 1, C4<1>, C4<0>, C4<0>, C4<0>;
v0214ccf8_0 .net/2u *"_ivl_60", 0 0, L_02151650;  1 drivers
L_02151678 .functor BUFT 1, C4<0>, C4<0>, C4<0>, C4<0>;
v0214c8d8_0 .net/2u *"_ivl_62", 0 0, L_02151678;  1 drivers
v0214c7d0_0 .net *"_ivl_67", 5 0, L_0218a3c8;  1 drivers
L_021516a0 .functor BUFT 1, C4<000111>, C4<0>, C4<0>, C4<0>;
v0214cca0_0 .net/2u *"_ivl_68", 5 0, L_021516a0;  1 drivers
v0214c880_0 .net *"_ivl_70", 0 0, L_02189d98;  1 drivers
L_021516c8 .functor BUFT 1, C4<1>, C4<0>, C4<0>, C4<0>;
v0214c618_0 .net/2u *"_ivl_72", 0 0, L_021516c8;  1 drivers
L_021516f0 .functor BUFT 1, C4<0>, C4<0>, C4<0>, C4<0>;
v0214c4b8_0 .net/2u *"_ivl_74", 0 0, L_021516f0;  1 drivers
v0214cd50_0 .net *"_ivl_79", 5 0, L_02189fa8;  1 drivers
L_02151498 .functor BUFT 1, C4<0>, C4<0>, C4<0>, C4<0>;
v0214c778_0 .net/2u *"_ivl_8", 0 0, L_02151498;  1 drivers
L_02151718 .functor BUFT 1, C4<000011>, C4<0>, C4<0>, C4<0>;
v0214cbf0_0 .net/2u *"_ivl_80", 5 0, L_02151718;  1 drivers
v0214c510_0 .net *"_ivl_82", 0 0, L_0218a160;  1 drivers
L_02151740 .functor BUFT 1, C4<1>, C4<0>, C4<0>, C4<0>;
v0214ce58_0 .net/2u *"_ivl_84", 0 0, L_02151740;  1 drivers
L_02151768 .functor BUFT 1, C4<0>, C4<0>, C4<0>, C4<0>;
v0214c6c8_0 .net/2u *"_ivl_86", 0 0, L_02151768;  1 drivers
v0214ca38_0 .net *"_ivl_91", 5 0, L_0218a4d0;  1 drivers
L_02151790 .functor BUFT 1, C4<001001>, C4<0>, C4<0>, C4<0>;
v0214cb40_0 .net/2u *"_ivl_92", 5 0, L_02151790;  1 drivers
v0214ceb0_0 .net *"_ivl_94", 0 0, L_0218a268;  1 drivers
L_021517b8 .functor BUFT 1, C4<01>, C4<0>, C4<0>, C4<0>;
v0214c5c0_0 .net/2u *"_ivl_96", 1 0, L_021517b8;  1 drivers
L_021517e0 .functor BUFT 1, C4<00>, C4<0>, C4<0>, C4<0>;
v0214c828_0 .net/2u *"_ivl_98", 1 0, L_021517e0;  1 drivers
v0214cf08_0 .var "control_output", 14 0;
v0214cda8_0 .net "instruction", 31 0, o0211b7a4;  alias, 0 drivers
E_0210f3a0 .event anyedge, v0214cda8_0;
L_0214d328 .part o0211b7a4, 26, 6;
L_0214d2d0 .cmp/eq 6, L_0214d328, L_02151448;
L_0214d010 .functor MUXZ 1, L_02151498, L_02151470, L_0214d2d0, C4<>;
L_0214d068 .part o0211b7a4, 26, 6;
L_0214d3d8 .cmp/eq 6, L_0214d068, L_021514c0;
L_0214d380 .part o0211b7a4, 26, 6;
L_0214d220 .cmp/eq 6, L_0214d380, L_02151510;
L_0214cf60 .part o0211b7a4, 0, 6;
L_0214d0c0 .cmp/eq 6, L_0214cf60, L_02151538;
L_0214cfb8 .functor MUXZ 3, L_02151588, L_02151560, L_021039f8, C4<>;
L_0214d278 .functor MUXZ 3, L_0214cfb8, L_021514e8, L_0214d3d8, C4<>;
L_0214d118 .part o0211b7a4, 26, 6;
L_0214d170 .cmp/eq 6, L_0214d118, L_021515b0;
L_02189c90 .functor MUXZ 1, L_02151600, L_021515d8, L_0214d170, C4<>;
L_0218a688 .part o0211b7a4, 26, 6;
L_0218a6e0 .cmp/eq 6, L_0218a688, L_02151628;
L_0218a058 .functor MUXZ 1, L_02151678, L_02151650, L_0218a6e0, C4<>;
L_0218a3c8 .part o0211b7a4, 26, 6;
L_02189d98 .cmp/eq 6, L_0218a3c8, L_021516a0;
L_02189df0 .functor MUXZ 1, L_021516f0, L_021516c8, L_02189d98, C4<>;
L_02189fa8 .part o0211b7a4, 26, 6;
L_0218a160 .cmp/eq 6, L_02189fa8, L_02151718;
L_02189ea0 .functor MUXZ 1, L_02151768, L_02151740, L_0218a160, C4<>;
L_0218a4d0 .part o0211b7a4, 26, 6;
L_0218a268 .cmp/eq 6, L_0218a4d0, L_02151790;
L_0218a528 .functor MUXZ 2, L_021517e0, L_021517b8, L_0218a268, C4<>;
L_0218a370 .part o0211b7a4, 26, 6;
L_0218a420 .cmp/eq 6, L_0218a370, L_02151808;
L_0218a580 .functor MUXZ 1, L_02151858, L_02151830, L_0218a420, C4<>;
L_02189e48 .part o0211b7a4, 26, 6;
L_0218a0b0 .cmp/eq 6, L_02189e48, L_02151880;
L_0218a318 .functor MUXZ 1, L_021518d0, L_021518a8, L_0218a0b0, C4<>;
L_02189ce8 .part o0211b7a4, 26, 6;
L_0218a478 .cmp/eq 6, L_02189ce8, L_021518f8;
L_0218a2c0 .functor MUXZ 1, L_02151948, L_02151920, L_0218a478, C4<>;
L_0218a738 .part o0211b7a4, 26, 6;
L_02189ef8 .cmp/eq 6, L_0218a738, L_02151970;
L_0218a5d8 .functor MUXZ 1, L_021519c0, L_02151998, L_02189ef8, C4<>;
L_02189f50 .part o0211b7a4, 26, 6;
L_0218a630 .cmp/eq 6, L_02189f50, L_021519e8;
L_0218a000 .functor MUXZ 1, L_02151a38, L_02151a10, L_0218a630, C4<>;
L_02189d40 .concat [ 15 2 0 0], v0214cf08_0, L_02151a60;
S_02119460 .scope module, "mux" "ID_Mux" 2 21, 4 1 0, S_0221ecb8;
 .timescale 0 0;
    .port_info 0 /INPUT 17 "input_0";
    .port_info 1 /INPUT 1 "S";
    .port_info 2 /OUTPUT 17 "mux_control_signals";
v0214c460_0 .net "S", 0 0, v0214c930_0;  1 drivers
v0214c988_0 .net "input_0", 16 0, L_02189d40;  1 drivers
v0214cae8_0 .var "mux_control_signals", 16 0;
E_0210f6d0 .event anyedge, v0214c460_0;
    .scope S_0221ed90;
T_0 ;
    %pushi/vec4 1, 0, 1;
    %store/vec4 v02109c28_0, 0, 1;
    %end;
    .thread T_0;
    .scope S_0221ed90;
T_1 ;
    %wait E_0210f3a0;
    %load/vec4 v02109c28_0;
    %flag_set/vec4 8;
    %jmp/0 T_1.0, 8;
    %load/vec4 v02109d30_0;
    %load/vec4 v02109e90_0;
    %concat/vec4; draw_concat_vec4
    %load/vec4 v02109e38_0;
    %concat/vec4; draw_concat_vec4
    %load/vec4 v02109cd8_0;
    %concat/vec4; draw_concat_vec4
    %load/vec4 v02109de0_0;
    %concat/vec4; draw_concat_vec4
    %load/vec4 v02109ff0_0;
    %concat/vec4; draw_concat_vec4
    %load/vec4 v02109f98_0;
    %concat/vec4; draw_concat_vec4
    %load/vec4 v02109ee8_0;
    %concat/vec4; draw_concat_vec4
    %load/vec4 v02109f40_0;
    %concat/vec4; draw_concat_vec4
    %load/vec4 v02109c80_0;
    %concat/vec4; draw_concat_vec4
    %load/vec4 v0210a0a0_0;
    %concat/vec4; draw_concat_vec4
    %load/vec4 v02109d88_0;
    %concat/vec4; draw_concat_vec4
    %jmp/1 T_1.1, 8;
T_1.0 ; End of true expr.
    %pushi/vec4 0, 0, 15;
    %jmp/0 T_1.1, 8;
 ; End of false expr.
    %blend;
T_1.1;
    %store/vec4 v0214cf08_0, 0, 15;
    %jmp T_1;
    .thread T_1, $push;
    .scope S_02119460;
T_2 ;
    %wait E_0210f6d0;
    %load/vec4 v0214c460_0;
    %pad/u 32;
    %cmpi/e 0, 0, 32;
    %jmp/0xz  T_2.0, 4;
    %load/vec4 v0214c988_0;
    %assign/vec4 v0214cae8_0, 0;
    %jmp T_2.1;
T_2.0 ;
    %pushi/vec4 0, 0, 17;
    %store/vec4 v0214cae8_0, 0, 17;
T_2.1 ;
    %jmp T_2;
    .thread T_2, $push;
    .scope S_0221ecb8;
T_3 ;
    %wait E_0210f2e0;
    %load/vec4 v0214cae8_0;
    %pad/u 32;
    %assign/vec4 v0214ca90_0, 0;
    %jmp T_3;
    .thread T_3;
# The file index is used to find the file name in the following table.
:file_names 5;
    "N/A";
    "<interactive>";
    "ID_Stage.v";
    "./control-unit.v";
    "./ID_Mux.v";
