#! /mingw32/bin/vvp
:ivl_version "12.0 (devel)" "(s20150603-1391-gd480c4d7d)";
:ivl_delay_selection "TYPICAL";
:vpi_time_precision + 0;
:vpi_module "C:\msys64\mingw32\lib\ivl\system.vpi";
:vpi_module "C:\msys64\mingw32\lib\ivl\vhdl_sys.vpi";
:vpi_module "C:\msys64\mingw32\lib\ivl\vhdl_textio.vpi";
:vpi_module "C:\msys64\mingw32\lib\ivl\v2005_math.vpi";
:vpi_module "C:\msys64\mingw32\lib\ivl\va_math.vpi";
S_01bd6a78 .scope module, "IF_ID_Stage" "IF_ID_Stage" 2 1;
 .timescale 0 0;
    .port_info 0 /INPUT 1 "clk";
    .port_info 1 /INPUT 1 "reset";
    .port_info 2 /INPUT 32 "instruction_in";
    .port_info 3 /OUTPUT 32 "instruction_reg";
o01c01fd4 .functor BUFZ 1, C4<z>; HiZ drive
v01bd6b80_0 .net "clk", 0 0, o01c01fd4;  0 drivers
o01c01fec .functor BUFZ 32, C4<zzzzzzzzzzzzzzzzzzzzzzzzzzzzzzzz>; HiZ drive
v01bd6bd8_0 .net "instruction_in", 31 0, o01c01fec;  0 drivers
v01bdd220_0 .var "instruction_reg", 31 0;
o01c0201c .functor BUFZ 1, C4<z>; HiZ drive
v01bdd278_0 .net "reset", 0 0, o01c0201c;  0 drivers
E_01bd6b50 .event posedge, v01bd6b80_0;
    .scope S_01bd6a78;
T_0 ;
    %wait E_01bd6b50;
    %load/vec4 v01bdd278_0;
    %flag_set/vec4 8;
    %jmp/0xz  T_0.0, 8;
    %pushi/vec4 0, 0, 32;
    %assign/vec4 v01bdd220_0, 0;
    %jmp T_0.1;
T_0.0 ;
    %load/vec4 v01bd6bd8_0;
    %assign/vec4 v01bdd220_0, 0;
T_0.1 ;
    %jmp T_0;
    .thread T_0;
# The file index is used to find the file name in the following table.
:file_names 3;
    "N/A";
    "<interactive>";
    "IF_ID_Stage.v";
