#! /mingw32/bin/vvp
:ivl_version "12.0 (devel)" "(s20150603-1391-gd480c4d7d)";
:ivl_delay_selection "TYPICAL";
:vpi_time_precision + 0;
:vpi_module "C:\msys64\mingw32\lib\ivl\system.vpi";
:vpi_module "C:\msys64\mingw32\lib\ivl\vhdl_sys.vpi";
:vpi_module "C:\msys64\mingw32\lib\ivl\vhdl_textio.vpi";
:vpi_module "C:\msys64\mingw32\lib\ivl\v2005_math.vpi";
:vpi_module "C:\msys64\mingw32\lib\ivl\va_math.vpi";
S_018a3ed0 .scope module, "MEM_WB_Stage" "MEM_WB_Stage" 2 1;
 .timescale 0 0;
    .port_info 0 /INPUT 1 "clk";
    .port_info 1 /INPUT 1 "reset";
    .port_info 2 /INPUT 22 "control_signals";
    .port_info 3 /INPUT 32 "mem_mux_out";
    .port_info 4 /INPUT 5 "destination";
    .port_info 5 /OUTPUT 32 "mem_wb_out";
    .port_info 6 /OUTPUT 22 "control_signals_out";
    .port_info 7 /OUTPUT 5 "destination_out";
o018a3fac .functor BUFZ 1, C4<z>; HiZ drive
v01116a60_0 .net "clk", 0 0, o018a3fac;  0 drivers
o018a3fc4 .functor BUFZ 22, C4<zzzzzzzzzzzzzzzzzzzzzz>; HiZ drive
v01116ab8_0 .net "control_signals", 21 0, o018a3fc4;  0 drivers
v01116b10_0 .var "control_signals_out", 21 0;
o018a3ff4 .functor BUFZ 5, C4<zzzzz>; HiZ drive
v01116b68_0 .net "destination", 4 0, o018a3ff4;  0 drivers
v01116bc0_0 .var "destination_out", 4 0;
o018a4024 .functor BUFZ 32, C4<zzzzzzzzzzzzzzzzzzzzzzzzzzzzzzzz>; HiZ drive
v01116c18_0 .net "mem_mux_out", 31 0, o018a4024;  0 drivers
v018c4fe8_0 .var "mem_wb_out", 31 0;
o018a4054 .functor BUFZ 1, C4<z>; HiZ drive
v018c5040_0 .net "reset", 0 0, o018a4054;  0 drivers
E_018a3a90 .event posedge, v01116a60_0;
    .scope S_018a3ed0;
T_0 ;
    %wait E_018a3a90;
    %load/vec4 v018c5040_0;
    %flag_set/vec4 8;
    %jmp/0xz  T_0.0, 8;
    %pushi/vec4 0, 0, 22;
    %assign/vec4 v01116b10_0, 0;
    %pushi/vec4 0, 0, 32;
    %assign/vec4 v018c4fe8_0, 0;
    %pushi/vec4 0, 0, 5;
    %assign/vec4 v01116bc0_0, 0;
    %jmp T_0.1;
T_0.0 ;
    %load/vec4 v01116ab8_0;
    %store/vec4 v01116b10_0, 0, 22;
    %load/vec4 v01116c18_0;
    %store/vec4 v018c4fe8_0, 0, 32;
    %load/vec4 v01116b68_0;
    %store/vec4 v01116bc0_0, 0, 5;
T_0.1 ;
    %jmp T_0;
    .thread T_0;
# The file index is used to find the file name in the following table.
:file_names 3;
    "N/A";
    "<interactive>";
    "MEM_WB_Stage.v";
