#! /mingw32/bin/vvp
:ivl_version "12.0 (devel)" "(s20150603-1391-gd480c4d7d)";
:ivl_delay_selection "TYPICAL";
:vpi_time_precision + 0;
:vpi_module "C:\msys64\mingw32\lib\ivl\system.vpi";
:vpi_module "C:\msys64\mingw32\lib\ivl\vhdl_sys.vpi";
:vpi_module "C:\msys64\mingw32\lib\ivl\vhdl_textio.vpi";
:vpi_module "C:\msys64\mingw32\lib\ivl\v2005_math.vpi";
:vpi_module "C:\msys64\mingw32\lib\ivl\va_math.vpi";
S_01828b88 .scope module, "HI_MUX" "HI_MUX" 2 122;
 .timescale 0 0;
    .port_info 0 /INPUT 1 "HI_Enable";
    .port_info 1 /INPUT 32 "HI";
    .port_info 2 /OUTPUT 32 "Y";
o01833fbc .functor BUFZ 32, C4<zzzzzzzzzzzzzzzzzzzzzzzzzzzzzzzz>; HiZ drive
v0182e6f0_0 .net "HI", 31 0, o01833fbc;  0 drivers
o01833fd4 .functor BUFZ 1, C4<z>; HiZ drive
v01829d88_0 .net "HI_Enable", 0 0, o01833fd4;  0 drivers
v01828d38_0 .var "Y", 31 0;
E_01818178 .event anyedge, v01829d88_0, v0182e6f0_0;
S_01828c60 .scope module, "LO_MUX" "LO_MUX" 2 139;
 .timescale 0 0;
    .port_info 0 /INPUT 1 "LO_Enable";
    .port_info 1 /INPUT 32 "LO";
    .port_info 2 /OUTPUT 32 "Y";
o0183404c .functor BUFZ 32, C4<zzzzzzzzzzzzzzzzzzzzzzzzzzzzzzzz>; HiZ drive
v0182eea8_0 .net "LO", 31 0, o0183404c;  0 drivers
o01834064 .functor BUFZ 1, C4<z>; HiZ drive
v0182ef00_0 .net "LO_Enable", 0 0, o01834064;  0 drivers
v01832468_0 .var "Y", 31 0;
E_01818208 .event anyedge, v0182ef00_0, v0182eea8_0;
S_01829bd8 .scope module, "TA_Mux" "TA_Mux" 2 88;
 .timescale 0 0;
    .port_info 0 /OUTPUT 32 "Y";
    .port_info 1 /INPUT 1 "S";
    .port_info 2 /INPUT 32 "I0";
    .port_info 3 /INPUT 32 "I1";
o018340dc .functor BUFZ 32, C4<zzzzzzzzzzzzzzzzzzzzzzzzzzzzzzzz>; HiZ drive
v018324c0_0 .net "I0", 31 0, o018340dc;  0 drivers
o018340f4 .functor BUFZ 32, C4<zzzzzzzzzzzzzzzzzzzzzzzzzzzzzzzz>; HiZ drive
v01832518_0 .net "I1", 31 0, o018340f4;  0 drivers
o0183410c .functor BUFZ 1, C4<z>; HiZ drive
v01832570_0 .net "S", 0 0, o0183410c;  0 drivers
v018325c8_0 .var "Y", 31 0;
E_01818238 .event anyedge, v01832570_0, v018324c0_0, v01832518_0;
S_01829cb0 .scope module, "WB_Destination" "WB_Destination" 2 101;
 .timescale 0 0;
    .port_info 0 /INPUT 5 "rd";
    .port_info 1 /INPUT 5 "rt";
    .port_info 2 /INPUT 1 "r31";
    .port_info 3 /OUTPUT 5 "destination";
v01820418_0 .var "destination", 4 0;
o018341b4 .functor BUFZ 1, C4<z>; HiZ drive
v01820470_0 .net "r31", 0 0, o018341b4;  0 drivers
o018341cc .functor BUFZ 5, C4<zzzzz>; HiZ drive
v018204c8_0 .net "rd", 4 0, o018341cc;  0 drivers
o018341e4 .functor BUFZ 5, C4<zzzzz>; HiZ drive
v018208e8_0 .net "rt", 4 0, o018341e4;  0 drivers
E_01818688 .event anyedge, v01820470_0, v018204c8_0, v018208e8_0;
S_0182a4e0 .scope module, "mux_2x1" "mux_2x1" 2 75;
 .timescale 0 0;
    .port_info 0 /OUTPUT 32 "Y";
    .port_info 1 /INPUT 1 "S";
    .port_info 2 /INPUT 32 "I0";
    .port_info 3 /INPUT 32 "I1";
o0183425c .functor BUFZ 32, C4<zzzzzzzzzzzzzzzzzzzzzzzzzzzzzzzz>; HiZ drive
v01820998_0 .net "I0", 31 0, o0183425c;  0 drivers
o01834274 .functor BUFZ 32, C4<zzzzzzzzzzzzzzzzzzzzzzzzzzzzzzzz>; HiZ drive
v01820520_0 .net "I1", 31 0, o01834274;  0 drivers
o0183428c .functor BUFZ 1, C4<z>; HiZ drive
v018206d8_0 .net "S", 0 0, o0183428c;  0 drivers
v01820838_0 .var "Y", 31 0;
E_018185c8 .event anyedge, v018206d8_0, v01820998_0, v01820520_0;
S_0182a5b8 .scope module, "mux_32x1" "mux_32x1" 2 1;
 .timescale 0 0;
    .port_info 0 /OUTPUT 32 "Y";
    .port_info 1 /INPUT 5 "S";
    .port_info 2 /INPUT 32 "I0";
    .port_info 3 /INPUT 32 "I1";
    .port_info 4 /INPUT 32 "I2";
    .port_info 5 /INPUT 32 "I3";
    .port_info 6 /INPUT 32 "I4";
    .port_info 7 /INPUT 32 "I5";
    .port_info 8 /INPUT 32 "I6";
    .port_info 9 /INPUT 32 "I7";
    .port_info 10 /INPUT 32 "I8";
    .port_info 11 /INPUT 32 "I9";
    .port_info 12 /INPUT 32 "I10";
    .port_info 13 /INPUT 32 "I11";
    .port_info 14 /INPUT 32 "I12";
    .port_info 15 /INPUT 32 "I13";
    .port_info 16 /INPUT 32 "I14";
    .port_info 17 /INPUT 32 "I15";
    .port_info 18 /INPUT 32 "I16";
    .port_info 19 /INPUT 32 "I17";
    .port_info 20 /INPUT 32 "I18";
    .port_info 21 /INPUT 32 "I19";
    .port_info 22 /INPUT 32 "I20";
    .port_info 23 /INPUT 32 "I21";
    .port_info 24 /INPUT 32 "I22";
    .port_info 25 /INPUT 32 "I23";
    .port_info 26 /INPUT 32 "I24";
    .port_info 27 /INPUT 32 "I25";
    .port_info 28 /INPUT 32 "I26";
    .port_info 29 /INPUT 32 "I27";
    .port_info 30 /INPUT 32 "I28";
    .port_info 31 /INPUT 32 "I29";
    .port_info 32 /INPUT 32 "I30";
    .port_info 33 /INPUT 32 "I31";
o0183431c .functor BUFZ 32, C4<zzzzzzzzzzzzzzzzzzzzzzzzzzzzzzzz>; HiZ drive
v01820b50_0 .net "I0", 31 0, o0183431c;  0 drivers
o01834334 .functor BUFZ 32, C4<zzzzzzzzzzzzzzzzzzzzzzzzzzzzzzzz>; HiZ drive
v018207e0_0 .net "I1", 31 0, o01834334;  0 drivers
o0183434c .functor BUFZ 32, C4<zzzzzzzzzzzzzzzzzzzzzzzzzzzzzzzz>; HiZ drive
v01820578_0 .net "I10", 31 0, o0183434c;  0 drivers
o01834364 .functor BUFZ 32, C4<zzzzzzzzzzzzzzzzzzzzzzzzzzzzzzzz>; HiZ drive
v018209f0_0 .net "I11", 31 0, o01834364;  0 drivers
o0183437c .functor BUFZ 32, C4<zzzzzzzzzzzzzzzzzzzzzzzzzzzzzzzz>; HiZ drive
v01820890_0 .net "I12", 31 0, o0183437c;  0 drivers
o01834394 .functor BUFZ 32, C4<zzzzzzzzzzzzzzzzzzzzzzzzzzzzzzzz>; HiZ drive
v01820a48_0 .net "I13", 31 0, o01834394;  0 drivers
o018343ac .functor BUFZ 32, C4<zzzzzzzzzzzzzzzzzzzzzzzzzzzzzzzz>; HiZ drive
v01820940_0 .net "I14", 31 0, o018343ac;  0 drivers
o018343c4 .functor BUFZ 32, C4<zzzzzzzzzzzzzzzzzzzzzzzzzzzzzzzz>; HiZ drive
v01820aa0_0 .net "I15", 31 0, o018343c4;  0 drivers
o018343dc .functor BUFZ 32, C4<zzzzzzzzzzzzzzzzzzzzzzzzzzzzzzzz>; HiZ drive
v018205d0_0 .net "I16", 31 0, o018343dc;  0 drivers
o018343f4 .functor BUFZ 32, C4<zzzzzzzzzzzzzzzzzzzzzzzzzzzzzzzz>; HiZ drive
v01820628_0 .net "I17", 31 0, o018343f4;  0 drivers
o0183440c .functor BUFZ 32, C4<zzzzzzzzzzzzzzzzzzzzzzzzzzzzzzzz>; HiZ drive
v01820788_0 .net "I18", 31 0, o0183440c;  0 drivers
o01834424 .functor BUFZ 32, C4<zzzzzzzzzzzzzzzzzzzzzzzzzzzzzzzz>; HiZ drive
v01820680_0 .net "I19", 31 0, o01834424;  0 drivers
o0183443c .functor BUFZ 32, C4<zzzzzzzzzzzzzzzzzzzzzzzzzzzzzzzz>; HiZ drive
v01820af8_0 .net "I2", 31 0, o0183443c;  0 drivers
o01834454 .functor BUFZ 32, C4<zzzzzzzzzzzzzzzzzzzzzzzzzzzzzzzz>; HiZ drive
v01820730_0 .net "I20", 31 0, o01834454;  0 drivers
o0183446c .functor BUFZ 32, C4<zzzzzzzzzzzzzzzzzzzzzzzzzzzzzzzz>; HiZ drive
v01821150_0 .net "I21", 31 0, o0183446c;  0 drivers
o01834484 .functor BUFZ 32, C4<zzzzzzzzzzzzzzzzzzzzzzzzzzzzzzzz>; HiZ drive
v01820cd8_0 .net "I22", 31 0, o01834484;  0 drivers
o0183449c .functor BUFZ 32, C4<zzzzzzzzzzzzzzzzzzzzzzzzzzzzzzzz>; HiZ drive
v018210f8_0 .net "I23", 31 0, o0183449c;  0 drivers
o018344b4 .functor BUFZ 32, C4<zzzzzzzzzzzzzzzzzzzzzzzzzzzzzzzz>; HiZ drive
v01821518_0 .net "I24", 31 0, o018344b4;  0 drivers
o018344cc .functor BUFZ 32, C4<zzzzzzzzzzzzzzzzzzzzzzzzzzzzzzzz>; HiZ drive
v018212b0_0 .net "I25", 31 0, o018344cc;  0 drivers
o018344e4 .functor BUFZ 32, C4<zzzzzzzzzzzzzzzzzzzzzzzzzzzzzzzz>; HiZ drive
v01821620_0 .net "I26", 31 0, o018344e4;  0 drivers
o018344fc .functor BUFZ 32, C4<zzzzzzzzzzzzzzzzzzzzzzzzzzzzzzzz>; HiZ drive
v01821410_0 .net "I27", 31 0, o018344fc;  0 drivers
o01834514 .functor BUFZ 32, C4<zzzzzzzzzzzzzzzzzzzzzzzzzzzzzzzz>; HiZ drive
v018213b8_0 .net "I28", 31 0, o01834514;  0 drivers
o0183452c .functor BUFZ 32, C4<zzzzzzzzzzzzzzzzzzzzzzzzzzzzzzzz>; HiZ drive
v01821360_0 .net "I29", 31 0, o0183452c;  0 drivers
o01834544 .functor BUFZ 32, C4<zzzzzzzzzzzzzzzzzzzzzzzzzzzzzzzz>; HiZ drive
v01820c28_0 .net "I3", 31 0, o01834544;  0 drivers
o0183455c .functor BUFZ 32, C4<zzzzzzzzzzzzzzzzzzzzzzzzzzzzzzzz>; HiZ drive
v01820e90_0 .net "I30", 31 0, o0183455c;  0 drivers
o01834574 .functor BUFZ 32, C4<zzzzzzzzzzzzzzzzzzzzzzzzzzzzzzzz>; HiZ drive
v018211a8_0 .net "I31", 31 0, o01834574;  0 drivers
o0183458c .functor BUFZ 32, C4<zzzzzzzzzzzzzzzzzzzzzzzzzzzzzzzz>; HiZ drive
v01821468_0 .net "I4", 31 0, o0183458c;  0 drivers
o018345a4 .functor BUFZ 32, C4<zzzzzzzzzzzzzzzzzzzzzzzzzzzzzzzz>; HiZ drive
v018214c0_0 .net "I5", 31 0, o018345a4;  0 drivers
o018345bc .functor BUFZ 32, C4<zzzzzzzzzzzzzzzzzzzzzzzzzzzzzzzz>; HiZ drive
v01820d88_0 .net "I6", 31 0, o018345bc;  0 drivers
o018345d4 .functor BUFZ 32, C4<zzzzzzzzzzzzzzzzzzzzzzzzzzzzzzzz>; HiZ drive
v01820e38_0 .net "I7", 31 0, o018345d4;  0 drivers
o018345ec .functor BUFZ 32, C4<zzzzzzzzzzzzzzzzzzzzzzzzzzzzzzzz>; HiZ drive
v01820d30_0 .net "I8", 31 0, o018345ec;  0 drivers
o01834604 .functor BUFZ 32, C4<zzzzzzzzzzzzzzzzzzzzzzzzzzzzzzzz>; HiZ drive
v01820de0_0 .net "I9", 31 0, o01834604;  0 drivers
o0183461c .functor BUFZ 5, C4<zzzzz>; HiZ drive
v01821200_0 .net "S", 4 0, o0183461c;  0 drivers
v01820f98_0 .var "Y", 31 0;
E_018186b8/0 .event anyedge, v01821200_0, v01820b50_0, v018207e0_0, v01820af8_0;
E_018186b8/1 .event anyedge, v01820c28_0, v01821468_0, v018214c0_0, v01820d88_0;
E_018186b8/2 .event anyedge, v01820e38_0, v01820d30_0, v01820de0_0, v01820578_0;
E_018186b8/3 .event anyedge, v018209f0_0, v01820890_0, v01820a48_0, v01820940_0;
E_018186b8/4 .event anyedge, v01820aa0_0, v018205d0_0, v01820628_0, v01820788_0;
E_018186b8/5 .event anyedge, v01820680_0, v01820730_0, v01821150_0, v01820cd8_0;
E_018186b8/6 .event anyedge, v018210f8_0, v01821518_0, v018212b0_0, v01821620_0;
E_018186b8/7 .event anyedge, v01821410_0, v018213b8_0, v01821360_0, v01820e90_0;
E_018186b8/8 .event anyedge, v018211a8_0;
E_018186b8 .event/or E_018186b8/0, E_018186b8/1, E_018186b8/2, E_018186b8/3, E_018186b8/4, E_018186b8/5, E_018186b8/6, E_018186b8/7, E_018186b8/8;
S_0182e540 .scope module, "mux_3x1" "mux_3x1" 2 61;
 .timescale 0 0;
    .port_info 0 /OUTPUT 32 "Y";
    .port_info 1 /INPUT 3 "S";
    .port_info 2 /INPUT 32 "I0";
    .port_info 3 /INPUT 32 "I1";
    .port_info 4 /INPUT 32 "I2";
o0183497c .functor BUFZ 32, C4<zzzzzzzzzzzzzzzzzzzzzzzzzzzzzzzz>; HiZ drive
v01820c80_0 .net "I0", 31 0, o0183497c;  0 drivers
o01834994 .functor BUFZ 32, C4<zzzzzzzzzzzzzzzzzzzzzzzzzzzzzzzz>; HiZ drive
v01821570_0 .net "I1", 31 0, o01834994;  0 drivers
o018349ac .functor BUFZ 32, C4<zzzzzzzzzzzzzzzzzzzzzzzzzzzzzzzz>; HiZ drive
v01821048_0 .net "I2", 31 0, o018349ac;  0 drivers
o018349c4 .functor BUFZ 3, C4<zzz>; HiZ drive
v01820ee8_0 .net "S", 2 0, o018349c4;  0 drivers
v01820f40_0 .var "Y", 31 0;
E_018186e8 .event anyedge, v01820ee8_0, v01820c80_0, v01821570_0, v01821048_0;
S_0182e618 .scope module, "mux_4x1" "mux_4x1" 2 47;
 .timescale 0 0;
    .port_info 0 /OUTPUT 32 "Y";
    .port_info 1 /INPUT 2 "S";
    .port_info 2 /INPUT 32 "I0";
    .port_info 3 /INPUT 32 "I1";
    .port_info 4 /INPUT 32 "I2";
    .port_info 5 /INPUT 32 "I3";
o01834a6c .functor BUFZ 32, C4<zzzzzzzzzzzzzzzzzzzzzzzzzzzzzzzz>; HiZ drive
v01820ff0_0 .net "I0", 31 0, o01834a6c;  0 drivers
o01834a84 .functor BUFZ 32, C4<zzzzzzzzzzzzzzzzzzzzzzzzzzzzzzzz>; HiZ drive
v018215c8_0 .net "I1", 31 0, o01834a84;  0 drivers
o01834a9c .functor BUFZ 32, C4<zzzzzzzzzzzzzzzzzzzzzzzzzzzzzzzz>; HiZ drive
v018210a0_0 .net "I2", 31 0, o01834a9c;  0 drivers
o01834ab4 .functor BUFZ 32, C4<zzzzzzzzzzzzzzzzzzzzzzzzzzzzzzzz>; HiZ drive
v01821678_0 .net "I3", 31 0, o01834ab4;  0 drivers
o01834acc .functor BUFZ 2, C4<zz>; HiZ drive
v018216d0_0 .net "S", 1 0, o01834acc;  0 drivers
v01821258_0 .var "Y", 31 0;
E_01818598/0 .event anyedge, v018216d0_0, v01820ff0_0, v018215c8_0, v018210a0_0;
E_01818598/1 .event anyedge, v01821678_0;
E_01818598 .event/or E_01818598/0, E_01818598/1;
    .scope S_01828b88;
T_0 ;
    %wait E_01818178;
    %load/vec4 v01829d88_0;
    %flag_set/vec4 8;
    %jmp/0xz  T_0.0, 8;
    %load/vec4 v0182e6f0_0;
    %store/vec4 v01828d38_0, 0, 32;
    %jmp T_0.1;
T_0.0 ;
    %pushi/vec4 0, 0, 32;
    %store/vec4 v01828d38_0, 0, 32;
T_0.1 ;
    %jmp T_0;
    .thread T_0, $push;
    .scope S_01828c60;
T_1 ;
    %wait E_01818208;
    %load/vec4 v0182ef00_0;
    %flag_set/vec4 8;
    %jmp/0xz  T_1.0, 8;
    %load/vec4 v0182eea8_0;
    %store/vec4 v01832468_0, 0, 32;
    %jmp T_1.1;
T_1.0 ;
    %pushi/vec4 0, 0, 32;
    %store/vec4 v01832468_0, 0, 32;
T_1.1 ;
    %jmp T_1;
    .thread T_1, $push;
    .scope S_01829bd8;
T_2 ;
    %wait E_01818238;
    %load/vec4 v01832570_0;
    %dup/vec4;
    %pushi/vec4 0, 0, 1;
    %cmp/u;
    %jmp/1 T_2.0, 6;
    %dup/vec4;
    %pushi/vec4 1, 0, 1;
    %cmp/u;
    %jmp/1 T_2.1, 6;
    %jmp T_2.2;
T_2.0 ;
    %load/vec4 v018324c0_0;
    %store/vec4 v018325c8_0, 0, 32;
    %jmp T_2.2;
T_2.1 ;
    %load/vec4 v01832518_0;
    %store/vec4 v018325c8_0, 0, 32;
    %jmp T_2.2;
T_2.2 ;
    %pop/vec4 1;
    %jmp T_2;
    .thread T_2, $push;
    .scope S_01829cb0;
T_3 ;
    %wait E_01818688;
    %load/vec4 v01820470_0;
    %flag_set/vec4 8;
    %jmp/0xz  T_3.0, 8;
    %pushi/vec4 31, 0, 5;
    %store/vec4 v01820418_0, 0, 5;
    %jmp T_3.1;
T_3.0 ;
    %load/vec4 v018204c8_0;
    %cmpi/e 0, 0, 5;
    %jmp/0xz  T_3.2, 4;
    %load/vec4 v018208e8_0;
    %store/vec4 v01820418_0, 0, 5;
    %jmp T_3.3;
T_3.2 ;
    %load/vec4 v018204c8_0;
    %store/vec4 v01820418_0, 0, 5;
T_3.3 ;
T_3.1 ;
    %jmp T_3;
    .thread T_3, $push;
    .scope S_0182a4e0;
T_4 ;
    %wait E_018185c8;
    %load/vec4 v018206d8_0;
    %dup/vec4;
    %pushi/vec4 0, 0, 1;
    %cmp/u;
    %jmp/1 T_4.0, 6;
    %dup/vec4;
    %pushi/vec4 1, 0, 1;
    %cmp/u;
    %jmp/1 T_4.1, 6;
    %jmp T_4.2;
T_4.0 ;
    %load/vec4 v01820998_0;
    %store/vec4 v01820838_0, 0, 32;
    %jmp T_4.2;
T_4.1 ;
    %load/vec4 v01820520_0;
    %store/vec4 v01820838_0, 0, 32;
    %jmp T_4.2;
T_4.2 ;
    %pop/vec4 1;
    %jmp T_4;
    .thread T_4, $push;
    .scope S_0182a5b8;
T_5 ;
    %wait E_018186b8;
    %load/vec4 v01821200_0;
    %dup/vec4;
    %pushi/vec4 0, 0, 5;
    %cmp/u;
    %jmp/1 T_5.0, 6;
    %dup/vec4;
    %pushi/vec4 1, 0, 5;
    %cmp/u;
    %jmp/1 T_5.1, 6;
    %dup/vec4;
    %pushi/vec4 2, 0, 5;
    %cmp/u;
    %jmp/1 T_5.2, 6;
    %dup/vec4;
    %pushi/vec4 3, 0, 5;
    %cmp/u;
    %jmp/1 T_5.3, 6;
    %dup/vec4;
    %pushi/vec4 4, 0, 5;
    %cmp/u;
    %jmp/1 T_5.4, 6;
    %dup/vec4;
    %pushi/vec4 5, 0, 5;
    %cmp/u;
    %jmp/1 T_5.5, 6;
    %dup/vec4;
    %pushi/vec4 6, 0, 5;
    %cmp/u;
    %jmp/1 T_5.6, 6;
    %dup/vec4;
    %pushi/vec4 7, 0, 5;
    %cmp/u;
    %jmp/1 T_5.7, 6;
    %dup/vec4;
    %pushi/vec4 8, 0, 5;
    %cmp/u;
    %jmp/1 T_5.8, 6;
    %dup/vec4;
    %pushi/vec4 9, 0, 5;
    %cmp/u;
    %jmp/1 T_5.9, 6;
    %dup/vec4;
    %pushi/vec4 10, 0, 5;
    %cmp/u;
    %jmp/1 T_5.10, 6;
    %dup/vec4;
    %pushi/vec4 11, 0, 5;
    %cmp/u;
    %jmp/1 T_5.11, 6;
    %dup/vec4;
    %pushi/vec4 12, 0, 5;
    %cmp/u;
    %jmp/1 T_5.12, 6;
    %dup/vec4;
    %pushi/vec4 13, 0, 5;
    %cmp/u;
    %jmp/1 T_5.13, 6;
    %dup/vec4;
    %pushi/vec4 14, 0, 5;
    %cmp/u;
    %jmp/1 T_5.14, 6;
    %dup/vec4;
    %pushi/vec4 15, 0, 5;
    %cmp/u;
    %jmp/1 T_5.15, 6;
    %dup/vec4;
    %pushi/vec4 16, 0, 5;
    %cmp/u;
    %jmp/1 T_5.16, 6;
    %dup/vec4;
    %pushi/vec4 17, 0, 5;
    %cmp/u;
    %jmp/1 T_5.17, 6;
    %dup/vec4;
    %pushi/vec4 18, 0, 5;
    %cmp/u;
    %jmp/1 T_5.18, 6;
    %dup/vec4;
    %pushi/vec4 19, 0, 5;
    %cmp/u;
    %jmp/1 T_5.19, 6;
    %dup/vec4;
    %pushi/vec4 20, 0, 5;
    %cmp/u;
    %jmp/1 T_5.20, 6;
    %dup/vec4;
    %pushi/vec4 21, 0, 5;
    %cmp/u;
    %jmp/1 T_5.21, 6;
    %dup/vec4;
    %pushi/vec4 22, 0, 5;
    %cmp/u;
    %jmp/1 T_5.22, 6;
    %dup/vec4;
    %pushi/vec4 23, 0, 5;
    %cmp/u;
    %jmp/1 T_5.23, 6;
    %dup/vec4;
    %pushi/vec4 24, 0, 5;
    %cmp/u;
    %jmp/1 T_5.24, 6;
    %dup/vec4;
    %pushi/vec4 25, 0, 5;
    %cmp/u;
    %jmp/1 T_5.25, 6;
    %dup/vec4;
    %pushi/vec4 26, 0, 5;
    %cmp/u;
    %jmp/1 T_5.26, 6;
    %dup/vec4;
    %pushi/vec4 27, 0, 5;
    %cmp/u;
    %jmp/1 T_5.27, 6;
    %dup/vec4;
    %pushi/vec4 28, 0, 5;
    %cmp/u;
    %jmp/1 T_5.28, 6;
    %dup/vec4;
    %pushi/vec4 29, 0, 5;
    %cmp/u;
    %jmp/1 T_5.29, 6;
    %dup/vec4;
    %pushi/vec4 30, 0, 5;
    %cmp/u;
    %jmp/1 T_5.30, 6;
    %dup/vec4;
    %pushi/vec4 31, 0, 5;
    %cmp/u;
    %jmp/1 T_5.31, 6;
    %jmp T_5.32;
T_5.0 ;
    %load/vec4 v01820b50_0;
    %store/vec4 v01820f98_0, 0, 32;
    %jmp T_5.32;
T_5.1 ;
    %load/vec4 v018207e0_0;
    %store/vec4 v01820f98_0, 0, 32;
    %jmp T_5.32;
T_5.2 ;
    %load/vec4 v01820af8_0;
    %store/vec4 v01820f98_0, 0, 32;
    %jmp T_5.32;
T_5.3 ;
    %load/vec4 v01820c28_0;
    %store/vec4 v01820f98_0, 0, 32;
    %jmp T_5.32;
T_5.4 ;
    %load/vec4 v01821468_0;
    %store/vec4 v01820f98_0, 0, 32;
    %jmp T_5.32;
T_5.5 ;
    %load/vec4 v018214c0_0;
    %store/vec4 v01820f98_0, 0, 32;
    %jmp T_5.32;
T_5.6 ;
    %load/vec4 v01820d88_0;
    %store/vec4 v01820f98_0, 0, 32;
    %jmp T_5.32;
T_5.7 ;
    %load/vec4 v01820e38_0;
    %store/vec4 v01820f98_0, 0, 32;
    %jmp T_5.32;
T_5.8 ;
    %load/vec4 v01820d30_0;
    %store/vec4 v01820f98_0, 0, 32;
    %jmp T_5.32;
T_5.9 ;
    %load/vec4 v01820de0_0;
    %store/vec4 v01820f98_0, 0, 32;
    %jmp T_5.32;
T_5.10 ;
    %load/vec4 v01820578_0;
    %store/vec4 v01820f98_0, 0, 32;
    %jmp T_5.32;
T_5.11 ;
    %load/vec4 v018209f0_0;
    %store/vec4 v01820f98_0, 0, 32;
    %jmp T_5.32;
T_5.12 ;
    %load/vec4 v01820890_0;
    %store/vec4 v01820f98_0, 0, 32;
    %jmp T_5.32;
T_5.13 ;
    %load/vec4 v01820a48_0;
    %store/vec4 v01820f98_0, 0, 32;
    %jmp T_5.32;
T_5.14 ;
    %load/vec4 v01820940_0;
    %store/vec4 v01820f98_0, 0, 32;
    %jmp T_5.32;
T_5.15 ;
    %load/vec4 v01820aa0_0;
    %store/vec4 v01820f98_0, 0, 32;
    %jmp T_5.32;
T_5.16 ;
    %load/vec4 v018205d0_0;
    %store/vec4 v01820f98_0, 0, 32;
    %jmp T_5.32;
T_5.17 ;
    %load/vec4 v01820628_0;
    %store/vec4 v01820f98_0, 0, 32;
    %jmp T_5.32;
T_5.18 ;
    %load/vec4 v01820788_0;
    %store/vec4 v01820f98_0, 0, 32;
    %jmp T_5.32;
T_5.19 ;
    %load/vec4 v01820680_0;
    %store/vec4 v01820f98_0, 0, 32;
    %jmp T_5.32;
T_5.20 ;
    %load/vec4 v01820730_0;
    %store/vec4 v01820f98_0, 0, 32;
    %jmp T_5.32;
T_5.21 ;
    %load/vec4 v01821150_0;
    %store/vec4 v01820f98_0, 0, 32;
    %jmp T_5.32;
T_5.22 ;
    %load/vec4 v01820cd8_0;
    %store/vec4 v01820f98_0, 0, 32;
    %jmp T_5.32;
T_5.23 ;
    %load/vec4 v018210f8_0;
    %store/vec4 v01820f98_0, 0, 32;
    %jmp T_5.32;
T_5.24 ;
    %load/vec4 v01821518_0;
    %store/vec4 v01820f98_0, 0, 32;
    %jmp T_5.32;
T_5.25 ;
    %load/vec4 v018212b0_0;
    %store/vec4 v01820f98_0, 0, 32;
    %jmp T_5.32;
T_5.26 ;
    %load/vec4 v01821620_0;
    %store/vec4 v01820f98_0, 0, 32;
    %jmp T_5.32;
T_5.27 ;
    %load/vec4 v01821410_0;
    %store/vec4 v01820f98_0, 0, 32;
    %jmp T_5.32;
T_5.28 ;
    %load/vec4 v018213b8_0;
    %store/vec4 v01820f98_0, 0, 32;
    %jmp T_5.32;
T_5.29 ;
    %load/vec4 v01821360_0;
    %store/vec4 v01820f98_0, 0, 32;
    %jmp T_5.32;
T_5.30 ;
    %load/vec4 v01820e90_0;
    %store/vec4 v01820f98_0, 0, 32;
    %jmp T_5.32;
T_5.31 ;
    %load/vec4 v018211a8_0;
    %store/vec4 v01820f98_0, 0, 32;
    %jmp T_5.32;
T_5.32 ;
    %pop/vec4 1;
    %jmp T_5;
    .thread T_5, $push;
    .scope S_0182e540;
T_6 ;
    %wait E_018186e8;
    %load/vec4 v01820ee8_0;
    %dup/vec4;
    %pushi/vec4 0, 0, 3;
    %cmp/u;
    %jmp/1 T_6.0, 6;
    %dup/vec4;
    %pushi/vec4 1, 0, 3;
    %cmp/u;
    %jmp/1 T_6.1, 6;
    %dup/vec4;
    %pushi/vec4 2, 0, 3;
    %cmp/u;
    %jmp/1 T_6.2, 6;
    %jmp T_6.3;
T_6.0 ;
    %load/vec4 v01820c80_0;
    %store/vec4 v01820f40_0, 0, 32;
    %jmp T_6.3;
T_6.1 ;
    %load/vec4 v01821570_0;
    %store/vec4 v01820f40_0, 0, 32;
    %jmp T_6.3;
T_6.2 ;
    %load/vec4 v01821048_0;
    %store/vec4 v01820f40_0, 0, 32;
    %jmp T_6.3;
T_6.3 ;
    %pop/vec4 1;
    %jmp T_6;
    .thread T_6, $push;
    .scope S_0182e618;
T_7 ;
    %wait E_01818598;
    %load/vec4 v018216d0_0;
    %dup/vec4;
    %pushi/vec4 0, 0, 2;
    %cmp/u;
    %jmp/1 T_7.0, 6;
    %dup/vec4;
    %pushi/vec4 1, 0, 2;
    %cmp/u;
    %jmp/1 T_7.1, 6;
    %dup/vec4;
    %pushi/vec4 2, 0, 2;
    %cmp/u;
    %jmp/1 T_7.2, 6;
    %dup/vec4;
    %pushi/vec4 3, 0, 2;
    %cmp/u;
    %jmp/1 T_7.3, 6;
    %jmp T_7.4;
T_7.0 ;
    %load/vec4 v01820ff0_0;
    %store/vec4 v01821258_0, 0, 32;
    %jmp T_7.4;
T_7.1 ;
    %load/vec4 v018215c8_0;
    %store/vec4 v01821258_0, 0, 32;
    %jmp T_7.4;
T_7.2 ;
    %load/vec4 v018210a0_0;
    %store/vec4 v01821258_0, 0, 32;
    %jmp T_7.4;
T_7.3 ;
    %load/vec4 v01821678_0;
    %store/vec4 v01821258_0, 0, 32;
    %jmp T_7.4;
T_7.4 ;
    %pop/vec4 1;
    %jmp T_7;
    .thread T_7, $push;
# The file index is used to find the file name in the following table.
:file_names 3;
    "N/A";
    "<interactive>";
    "mux.v";
