#! /mingw32/bin/vvp
:ivl_version "12.0 (devel)" "(s20150603-1391-gd480c4d7d)";
:ivl_delay_selection "TYPICAL";
:vpi_time_precision + 0;
:vpi_module "C:\msys64\mingw32\lib\ivl\system.vpi";
:vpi_module "C:\msys64\mingw32\lib\ivl\vhdl_sys.vpi";
:vpi_module "C:\msys64\mingw32\lib\ivl\vhdl_textio.vpi";
:vpi_module "C:\msys64\mingw32\lib\ivl\v2005_math.vpi";
:vpi_module "C:\msys64\mingw32\lib\ivl\va_math.vpi";
S_01ca6a40 .scope module, "NPC_Register" "NPC_Register" 2 1;
 .timescale 0 0;
    .port_info 0 /INPUT 1 "clk";
    .port_info 1 /INPUT 1 "reset";
    .port_info 2 /INPUT 9 "npc_in";
    .port_info 3 /OUTPUT 9 "npc_out";
o01cd1fd4 .functor BUFZ 1, C4<z>; HiZ drive
v01ca6b18_0 .net "clk", 0 0, o01cd1fd4;  0 drivers
v01ca6b70_0 .var "le_npc", 0 0;
v01d0a008_0 .var "le_pc", 0 0;
o01cd201c .functor BUFZ 9, C4<zzzzzzzzz>; HiZ drive
v01d0a060_0 .net "npc_in", 8 0, o01cd201c;  0 drivers
v01d0a0b8_0 .var "npc_out", 8 0;
o01cd204c .functor BUFZ 1, C4<z>; HiZ drive
v01d0a110_0 .net "reset", 0 0, o01cd204c;  0 drivers
E_01caa948 .event posedge, v01ca6b18_0;
    .scope S_01ca6a40;
T_0 ;
    %pushi/vec4 1, 0, 1;
    %store/vec4 v01d0a008_0, 0, 1;
    %pushi/vec4 1, 0, 1;
    %store/vec4 v01ca6b70_0, 0, 1;
    %end;
    .thread T_0;
    .scope S_01ca6a40;
T_1 ;
    %wait E_01caa948;
    %load/vec4 v01d0a110_0;
    %flag_set/vec4 8;
    %jmp/0xz  T_1.0, 8;
    %pushi/vec4 4, 0, 9;
    %assign/vec4 v01d0a0b8_0, 0;
    %jmp T_1.1;
T_1.0 ;
    %load/vec4 v01ca6b70_0;
    %flag_set/vec4 8;
    %jmp/0xz  T_1.2, 8;
    %load/vec4 v01d0a060_0;
    %assign/vec4 v01d0a0b8_0, 0;
T_1.2 ;
T_1.1 ;
    %jmp T_1;
    .thread T_1;
# The file index is used to find the file name in the following table.
:file_names 3;
    "N/A";
    "<interactive>";
    "NPC-Register.v";
