#! /mingw32/bin/vvp
:ivl_version "12.0 (devel)" "(s20150603-1391-gd480c4d7d)";
:ivl_delay_selection "TYPICAL";
:vpi_time_precision + 0;
:vpi_module "C:\msys64\mingw32\lib\ivl\system.vpi";
:vpi_module "C:\msys64\mingw32\lib\ivl\vhdl_sys.vpi";
:vpi_module "C:\msys64\mingw32\lib\ivl\vhdl_textio.vpi";
:vpi_module "C:\msys64\mingw32\lib\ivl\v2005_math.vpi";
:vpi_module "C:\msys64\mingw32\lib\ivl\va_math.vpi";
S_01a06ab8 .scope module, "NPC_PC_Handler" "NPC_PC_Handler" 2 21;
 .timescale 0 0;
    .port_info 0 /INPUT 1 "branch_signal";
    .port_info 1 /INPUT 1 "jump_signal";
    .port_info 2 /OUTPUT 2 "pc_source_select";
o01843fec .functor BUFZ 1, C4<z>; HiZ drive
v01a0aa50_0 .net "branch_signal", 0 0, o01843fec;  0 drivers
o01844004 .functor BUFZ 1, C4<z>; HiZ drive
v01a0d6d8_0 .net "jump_signal", 0 0, o01844004;  0 drivers
v01a0d730_0 .var "pc_source_select", 1 0;
E_01a0a590 .event anyedge, v01a0d6d8_0, v01a0aa50_0;
S_01a06b90 .scope module, "PC_Register" "PC_Register" 2 1;
 .timescale 0 0;
    .port_info 0 /INPUT 1 "clk";
    .port_info 1 /INPUT 1 "reset";
    .port_info 2 /INPUT 32 "pc_in";
    .port_info 3 /OUTPUT 32 "pc_out";
o0184407c .functor BUFZ 1, C4<z>; HiZ drive
v01a0d788_0 .net "clk", 0 0, o0184407c;  0 drivers
v01a0d7e0_0 .var "le_npc", 0 0;
v01a0d838_0 .var "le_pc", 0 0;
o018440c4 .functor BUFZ 32, C4<zzzzzzzzzzzzzzzzzzzzzzzzzzzzzzzz>; HiZ drive
v01a0d890_0 .net "pc_in", 31 0, o018440c4;  0 drivers
v01a0d8e8_0 .var "pc_out", 31 0;
o018440f4 .functor BUFZ 1, C4<z>; HiZ drive
v01a0d940_0 .net "reset", 0 0, o018440f4;  0 drivers
E_01a0a5c0 .event posedge, v01a0d788_0;
    .scope S_01a06ab8;
T_0 ;
    %wait E_01a0a590;
    %load/vec4 v01a0d6d8_0;
    %flag_set/vec4 8;
    %jmp/0xz  T_0.0, 8;
    %pushi/vec4 2, 0, 2;
    %store/vec4 v01a0d730_0, 0, 2;
    %jmp T_0.1;
T_0.0 ;
    %load/vec4 v01a0aa50_0;
    %flag_set/vec4 8;
    %jmp/0xz  T_0.2, 8;
    %pushi/vec4 1, 0, 2;
    %store/vec4 v01a0d730_0, 0, 2;
    %jmp T_0.3;
T_0.2 ;
    %pushi/vec4 0, 0, 2;
    %store/vec4 v01a0d730_0, 0, 2;
T_0.3 ;
T_0.1 ;
    %jmp T_0;
    .thread T_0, $push;
    .scope S_01a06b90;
T_1 ;
    %pushi/vec4 1, 0, 1;
    %store/vec4 v01a0d838_0, 0, 1;
    %pushi/vec4 1, 0, 1;
    %store/vec4 v01a0d7e0_0, 0, 1;
    %end;
    .thread T_1;
    .scope S_01a06b90;
T_2 ;
    %wait E_01a0a5c0;
    %load/vec4 v01a0d940_0;
    %flag_set/vec4 8;
    %jmp/0xz  T_2.0, 8;
    %pushi/vec4 0, 0, 32;
    %assign/vec4 v01a0d8e8_0, 0;
    %jmp T_2.1;
T_2.0 ;
    %load/vec4 v01a0d838_0;
    %flag_set/vec4 8;
    %jmp/0xz  T_2.2, 8;
    %load/vec4 v01a0d890_0;
    %assign/vec4 v01a0d8e8_0, 0;
T_2.2 ;
T_2.1 ;
    %jmp T_2;
    .thread T_2;
# The file index is used to find the file name in the following table.
:file_names 3;
    "N/A";
    "<interactive>";
    "PC-Register.v";
