#! /mingw32/bin/vvp
:ivl_version "12.0 (devel)" "(s20150603-1391-gd480c4d7d)";
:ivl_delay_selection "TYPICAL";
:vpi_time_precision + 0;
:vpi_module "C:\msys64\mingw32\lib\ivl\system.vpi";
:vpi_module "C:\msys64\mingw32\lib\ivl\vhdl_sys.vpi";
:vpi_module "C:\msys64\mingw32\lib\ivl\vhdl_textio.vpi";
:vpi_module "C:\msys64\mingw32\lib\ivl\v2005_math.vpi";
:vpi_module "C:\msys64\mingw32\lib\ivl\va_math.vpi";
S_014da490 .scope module, "SE_4addr26tb" "SE_4addr26tb" 2 24;
 .timescale 0 0;
v014d6a30_0 .var "extend", 25 0;
v014d6a88_0 .net "extended", 31 0, v014d77d8_0;  1 drivers
S_014d76a8 .scope module, "dut" "SE_4addr26" 2 29, 2 1 0, S_014da490;
 .timescale 0 0;
    .port_info 0 /OUTPUT 32 "extended";
    .port_info 1 /INPUT 26 "extend";
v014d7780_0 .net "extend", 25 0, v014d6a30_0;  1 drivers
v014d77d8_0 .var "extended", 31 0;
E_014da1c0 .event anyedge, v014d7780_0;
S_014d75d0 .scope module, "SE_4imm16" "SE_4imm16" 2 11;
 .timescale 0 0;
    .port_info 0 /OUTPUT 32 "extended";
    .port_info 1 /INPUT 16 "extend";
o01514024 .functor BUFZ 16, C4<zzzzzzzzzzzzzzzz>; HiZ drive
v014d6ae0_0 .net "extend", 15 0, o01514024;  0 drivers
v014d6b38_0 .var "extended", 31 0;
E_014da1f0 .event anyedge, v014d6ae0_0;
    .scope S_014d76a8;
T_0 ;
    %wait E_014da1c0;
    %load/vec4 v014d7780_0;
    %pad/u 32;
    %muli 4, 0, 32;
    %store/vec4 v014d77d8_0, 0, 32;
    %jmp T_0;
    .thread T_0, $push;
    .scope S_014da490;
T_1 ;
    %pushi/vec4 2, 0, 26;
    %store/vec4 v014d6a30_0, 0, 26;
    %delay 10, 0;
    %vpi_call 2 38 "$display", "extend = %b", v014d6a30_0 {0 0 0};
    %vpi_call 2 39 "$display", "extended = %b", v014d6a88_0 {0 0 0};
    %vpi_call 2 41 "$finish" {0 0 0};
    %end;
    .thread T_1;
    .scope S_014d75d0;
T_2 ;
    %wait E_014da1f0;
    %load/vec4 v014d6ae0_0;
    %pad/u 32;
    %muli 4, 0, 32;
    %store/vec4 v014d6b38_0, 0, 32;
    %jmp T_2;
    .thread T_2, $push;
# The file index is used to find the file name in the following table.
:file_names 3;
    "N/A";
    "<interactive>";
    "Sign_Extenders.v";
